\BOOKMARK [1][-]{section.1}{\376\377\000P\000e\000r\000f\000o\000r\000m\000i\000n\000g\000\040\000g\000e\000n\000e\000r\000a\000l\000i\000z\000e\000d\000\040\000p\000a\000i\000r\000w\000i\000s\000e\000\040\000c\000o\000m\000p\000a\000r\000i\000s\000o\000n\000s\000\040\000\050\000G\000P\000C\000\051\000\040\000u\000s\000i\000n\000g\000\040\000t\000h\000e\000\040\000B\000u\000y\000s\000e\000T\000e\000s\000t\000\040\000f\000u\000n\000c\000t\000i\000o\000n}{}% 1
\BOOKMARK [2][-]{subsection.1.1}{\376\377\000D\000i\000s\000p\000l\000a\000y\000i\000n\000g\000\040\000t\000h\000e\000\040\000r\000e\000s\000u\000l\000t\000s}{section.1}% 2
\BOOKMARK [2][-]{subsection.1.2}{\376\377\000S\000t\000r\000a\000t\000i\000f\000i\000e\000d\000\040\000G\000P\000C}{section.1}% 3
\BOOKMARK [2][-]{subsection.1.3}{\376\377\000U\000s\000i\000n\000g\000\040\000m\000u\000l\000t\000i\000p\000l\000e\000\040\000e\000n\000d\000p\000o\000i\000n\000t\000s}{section.1}% 4
\BOOKMARK [2][-]{subsection.1.4}{\376\377\000S\000t\000a\000t\000i\000s\000t\000i\000c\000a\000l\000\040\000i\000n\000f\000e\000r\000e\000n\000c\000e}{section.1}% 5
\BOOKMARK [2][-]{subsection.1.5}{\376\377\000W\000h\000a\000t\000\040\000i\000f\000\040\000s\000m\000a\000l\000l\000e\000r\000\040\000i\000s\000\040\000b\000e\000t\000t\000e\000r\000?}{section.1}% 6
\BOOKMARK [2][-]{subsection.1.6}{\376\377\000S\000t\000o\000p\000p\000i\000n\000g\000\040\000c\000o\000m\000p\000a\000r\000i\000s\000o\000n\000\040\000f\000o\000r\000\040\000n\000e\000u\000t\000r\000a\000l\000\040\000p\000a\000i\000r\000s}{section.1}% 7
\BOOKMARK [2][-]{subsection.1.7}{\376\377\000W\000h\000a\000t\000\040\000a\000b\000o\000u\000t\000\040\000o\000t\000h\000e\000r\000\040\000s\000u\000m\000m\000a\000r\000y\000\040\000s\000t\000a\000t\000i\000s\000t\000i\000c\000s\000\040\000t\000h\000a\000n\000\040\000t\000h\000e\000\040\000n\000e\000t\000\040\000b\000e\000n\000e\000f\000i\000t\000?}{section.1}% 8
\BOOKMARK [2][-]{subsection.1.8}{\376\377\000I\000s\000\040\000m\000u\000l\000t\000i\000p\000l\000e\000\040\000t\000e\000s\000t\000i\000n\000g\000\040\000a\000\040\000c\000o\000n\000c\000e\000r\000n\000\040\000w\000i\000t\000h\000\040\000G\000P\000C\000?}{section.1}% 9
\BOOKMARK [1][-]{section.2}{\376\377\000G\000e\000t\000t\000i\000n\000g\000\040\000a\000d\000d\000i\000t\000i\000o\000n\000a\000l\000\040\000i\000n\000s\000i\000d\000e\000:\000\040\000l\000o\000o\000k\000i\000n\000g\000\040\000a\000t\000\040\000t\000h\000e\000\040\000p\000a\000i\000r\000\040\000l\000e\000v\000e\000l}{}% 10
\BOOKMARK [2][-]{subsection.2.1}{\376\377\000E\000x\000t\000r\000a\000c\000t\000i\000n\000g\000\040\000t\000h\000e\000\040\000c\000o\000n\000t\000r\000i\000b\000u\000t\000i\000o\000n\000\040\000o\000f\000\040\000e\000a\000c\000h\000\040\000p\000a\000i\000r\000\040\000t\000o\000\040\000t\000h\000e\000\040\000s\000t\000a\000t\000i\000s\000t\000i\000c}{section.2}% 11
\BOOKMARK [2][-]{subsection.2.2}{\376\377\000E\000x\000t\000r\000a\000c\000t\000i\000n\000g\000\040\000t\000h\000e\000\040\000s\000u\000r\000v\000i\000v\000a\000l\000\040\000p\000r\000o\000b\000a\000b\000i\000l\000i\000t\000i\000e\000s}{section.2}% 12
\BOOKMARK [3][-]{subsubsection.2.2.1}{\376\377\000C\000o\000m\000p\000u\000t\000a\000t\000i\000o\000n\000\040\000o\000f\000\040\000t\000h\000e\000\040\000s\000c\000o\000r\000e\000\040\000w\000i\000t\000h\000\040\000o\000n\000l\000y\000\040\000o\000n\000e\000\040\000c\000e\000n\000s\000o\000r\000e\000d\000\040\000e\000v\000e\000n\000t}{subsection.2.2}% 13
\BOOKMARK [3][-]{subsubsection.2.2.2}{\376\377\000C\000o\000m\000p\000u\000t\000a\000t\000i\000o\000n\000\040\000o\000f\000\040\000t\000h\000e\000\040\000s\000c\000o\000r\000e\000\040\000w\000i\000t\000h\000\040\000t\000w\000o\000\040\000c\000e\000n\000s\000o\000r\000e\000d\000\040\000e\000v\000e\000n\000t\000s}{subsection.2.2}% 14
\BOOKMARK [1][-]{section.3}{\376\377\000D\000e\000a\000l\000i\000n\000g\000\040\000w\000i\000t\000h\000\040\000m\000i\000s\000s\000i\000n\000g\000\040\000v\000a\000l\000u\000e\000s\000\040\000o\000r\000/\000a\000n\000d\000\040\000r\000i\000g\000h\000t\000\040\000c\000e\000n\000s\000o\000r\000i\000n\000g}{}% 15
\BOOKMARK [2][-]{subsection.3.1}{\376\377\000G\000e\000h\000a\000n\000'\000s\000\040\000s\000c\000o\000r\000i\000n\000g\000\040\000r\000u\000l\000e}{section.3}% 16
\BOOKMARK [2][-]{subsection.3.2}{\376\377\000P\000e\000r\000o\000n\000'\000s\000\040\000s\000c\000o\000r\000i\000n\000g\000\040\000r\000u\000l\000e}{section.3}% 17
\BOOKMARK [2][-]{subsection.3.3}{\376\377\000C\000o\000r\000r\000e\000c\000t\000i\000o\000n\000\040\000v\000i\000a\000\040\000i\000n\000v\000e\000r\000s\000e\000\040\000p\000r\000o\000b\000a\000b\000i\000l\000i\000t\000y\000-\000o\000f\000-\000c\000e\000n\000s\000o\000r\000i\000n\000g\000\040\000w\000e\000i\000g\000h\000t\000s\000\040\000\050\000I\000P\000C\000W\000\051}{section.3}% 18
\BOOKMARK [2][-]{subsection.3.4}{\376\377\000C\000o\000r\000r\000e\000c\000t\000i\000o\000n\000\040\000a\000t\000\040\000t\000h\000e\000\040\000p\000a\000i\000r\000\040\000l\000e\000v\000e\000l}{section.3}% 19
\BOOKMARK [2][-]{subsection.3.5}{\376\377\000N\000o\000t\000e\000\040\000o\000n\000\040\000t\000h\000e\000\040\000u\000s\000e\000\040\000o\000f\000\040\000t\000h\000e\000\040\000c\000o\000r\000r\000e\000c\000t\000i\000o\000n\000s}{section.3}% 20
\BOOKMARK [1][-]{section.4}{\376\377\000S\000i\000m\000u\000l\000a\000t\000i\000n\000g\000\040\000d\000a\000t\000a\000\040\000u\000s\000i\000n\000g\000\040\000s\000i\000m\000B\000u\000y\000s\000e\000T\000e\000s\000t}{}% 21
\BOOKMARK [1][-]{section.5}{\376\377\000P\000o\000w\000e\000r\000\040\000c\000a\000l\000c\000u\000l\000a\000t\000i\000o\000n\000\040\000u\000s\000i\000n\000g\000\040\000p\000o\000w\000e\000r\000B\000u\000y\000s\000e\000T\000e\000s\000t}{}% 22
\BOOKMARK [1][-]{section.6}{\376\377\000M\000o\000d\000i\000f\000y\000i\000n\000g\000\040\000d\000e\000f\000a\000u\000l\000t\000\040\000o\000p\000t\000i\000o\000n\000s}{}% 23
